OpenJDK 64-Bit Server VM (25.292-b10) for linux-amd64 JRE (1.8.0_292-8u292-b10-0ubuntu1~18.04-b10), built on Apr 21 2021 11:46:09 by "buildd" with gcc 7.5.0
Memory: 4k page, physical 8049116k(6160320k free), swap 499996k(499996k free)
CommandLine flags: -XX:+HeapDumpOnOutOfMemoryError -XX:HeapDumpPath=./volcadoerror.dump -XX:InitialHeapSize=3145728 -XX:MaxHeapSize=3145728 -XX:+PrintGC -XX:+PrintGCTimeStamps -XX:+UseCompressedClassPointers -XX:+UseCompressedOops -XX:+UseParallelGC 
0.072: [GC (Allocation Failure)  507K->400K(3584K), 0.0016608 secs]
0.081: [GC (Allocation Failure)  839K->670K(3584K), 0.0023710 secs]
0.087: [GC (Allocation Failure)  1182K->1059K(3584K), 0.0016641 secs]
0.092: [GC (Allocation Failure)  1571K->1449K(3584K), 0.0029358 secs]
0.097: [GC (Allocation Failure)  1961K->1797K(3584K), 0.0018970 secs]
0.103: [GC (Allocation Failure)  2726K->2698K(3584K), 0.0033919 secs]
0.106: [Full GC (Ergonomics)  2698K->2392K(3584K), 0.0323793 secs]
0.143: [Full GC (Ergonomics)  2904K->2894K(3584K), 0.0207321 secs]
0.163: [Full GC (Ergonomics)  2895K->2895K(3584K), 0.0213284 secs]
0.185: [Full GC (Ergonomics)  2895K->2895K(3584K), 0.0243045 secs]
0.212: [Full GC (Ergonomics)  2897K->2897K(3584K), 0.0220087 secs]
0.235: [Full GC (Ergonomics)  2898K->2898K(3584K), 0.0229015 secs]
0.258: [Full GC (Ergonomics)  2900K->2900K(3584K), 0.0212183 secs]
0.279: [Full GC (Ergonomics)  2901K->2901K(3584K), 0.0205199 secs]
0.300: [Full GC (Ergonomics)  2903K->2903K(3584K), 0.0237171 secs]
0.324: [Full GC (Ergonomics)  2904K->2904K(3584K), 0.0461378 secs]
0.373: [Full GC (Ergonomics)  2906K->2906K(3584K), 0.0247171 secs]
0.401: [Full GC (Ergonomics)  2907K->2907K(3584K), 0.0216601 secs]
0.425: [Full GC (Ergonomics)  2909K->2909K(3584K), 0.0250248 secs]
0.453: [Full GC (Ergonomics)  2910K->2910K(3584K), 0.0229922 secs]
0.477: [Full GC (Ergonomics)  2912K->2912K(3584K), 0.0271223 secs]
0.505: [Full GC (Ergonomics)  2913K->2913K(3584K), 0.0216634 secs]
0.529: [Full GC (Ergonomics)  2915K->2915K(3584K), 0.0168927 secs]
0.546: [Full GC (Ergonomics)  2916K->2916K(3584K), 0.0185213 secs]
0.565: [Full GC (Ergonomics)  2918K->2918K(3584K), 0.0187835 secs]
0.585: [Full GC (Ergonomics)  2919K->2919K(3584K), 0.0189870 secs]
0.604: [Full GC (Ergonomics)  2921K->2921K(3584K), 0.0186918 secs]
0.623: [Full GC (Ergonomics)  2922K->2922K(3584K), 0.0184325 secs]
0.642: [Full GC (Ergonomics)  2924K->2924K(3584K), 0.0184736 secs]
0.661: [Full GC (Ergonomics)  2925K->2925K(3584K), 0.0191718 secs]
0.681: [Full GC (Ergonomics)  2927K->2927K(3584K), 0.0195496 secs]
0.701: [Full GC (Ergonomics)  2928K->2928K(3584K), 0.0184500 secs]
0.720: [Full GC (Ergonomics)  2930K->2930K(3584K), 0.0185867 secs]
0.739: [Full GC (Ergonomics)  2931K->2931K(3584K), 0.0183886 secs]
0.758: [Full GC (Ergonomics)  2933K->2933K(3584K), 0.0183501 secs]
0.777: [Full GC (Ergonomics)  2934K->2934K(3584K), 0.0202811 secs]
0.798: [Full GC (Ergonomics)  2936K->2936K(3584K), 0.0184323 secs]
0.817: [Full GC (Ergonomics)  2937K->2937K(3584K), 0.0183556 secs]
0.838: [Full GC (Ergonomics)  2939K->2939K(3584K), 0.0207200 secs]
0.859: [Full GC (Ergonomics)  2940K->2940K(3584K), 0.0183367 secs]
0.877: [Full GC (Ergonomics)  2942K->2942K(3584K), 0.0173182 secs]
0.895: [Full GC (Ergonomics)  2943K->2943K(3584K), 0.0191334 secs]
0.914: [Full GC (Ergonomics)  2945K->2945K(3584K), 0.0179820 secs]
0.932: [Full GC (Ergonomics)  2946K->2946K(3584K), 0.0181548 secs]
0.951: [Full GC (Ergonomics)  2948K->2948K(3584K), 0.0178266 secs]
0.969: [Full GC (Ergonomics)  2949K->2949K(3584K), 0.0193855 secs]
0.989: [Full GC (Ergonomics)  2951K->2951K(3584K), 0.0193578 secs]
1.009: [Full GC (Ergonomics)  2952K->2952K(3584K), 0.0191965 secs]
1.028: [Full GC (Ergonomics)  2954K->2940K(3584K), 0.0212662 secs]
1.052: [Full GC (Ergonomics)  2942K->2942K(3584K), 0.0185768 secs]
1.071: [Full GC (Ergonomics)  2943K->2943K(3584K), 0.0190662 secs]
1.091: [Full GC (Ergonomics)  2945K->2945K(3584K), 0.0217721 secs]
1.114: [Full GC (Ergonomics)  2946K->2946K(3584K), 0.0201705 secs]
1.134: [Full GC (Ergonomics)  2948K->2948K(3584K), 0.0181189 secs]
1.153: [Full GC (Ergonomics)  2949K->2949K(3584K), 0.0182254 secs]
1.171: [Full GC (Ergonomics)  2951K->2951K(3584K), 0.0186504 secs]
1.190: [Full GC (Ergonomics)  2952K->2952K(3584K), 0.0193141 secs]
1.209: [Full GC (Ergonomics)  2954K->2954K(3584K), 0.0185274 secs]
1.228: [Full GC (Ergonomics)  2955K->2955K(3584K), 0.0184163 secs]
1.247: [Full GC (Ergonomics)  2957K->2957K(3584K), 0.0185155 secs]
1.265: [Full GC (Ergonomics)  2958K->2958K(3584K), 0.0187495 secs]
1.284: [Full GC (Ergonomics)  2960K->2960K(3584K), 0.0184631 secs]
1.303: [Full GC (Ergonomics)  2961K->2961K(3584K), 0.0184511 secs]
1.322: [Full GC (Ergonomics)  2963K->2963K(3584K), 0.0184191 secs]
1.341: [Full GC (Ergonomics)  2964K->2964K(3584K), 0.0188497 secs]
1.360: [Full GC (Ergonomics)  2966K->2966K(3584K), 0.0201218 secs]
1.381: [Full GC (Ergonomics)  2967K->2967K(3584K), 0.0187449 secs]
1.400: [Full GC (Ergonomics)  2969K->2969K(3584K), 0.0190679 secs]
1.420: [Full GC (Ergonomics)  2970K->2970K(3584K), 0.0195260 secs]
1.440: [Full GC (Ergonomics)  2972K->2972K(3584K), 0.0188505 secs]
1.460: [Full GC (Ergonomics)  2973K->2973K(3584K), 0.0195294 secs]
1.480: [Full GC (Ergonomics)  2975K->2975K(3584K), 0.0192285 secs]
1.500: [Full GC (Ergonomics)  2976K->2976K(3584K), 0.0188139 secs]
1.519: [Full GC (Ergonomics)  2978K->2978K(3584K), 0.0189933 secs]
1.538: [Full GC (Ergonomics)  2979K->2979K(3584K), 0.0195058 secs]
1.558: [Full GC (Ergonomics)  2981K->2981K(3584K), 0.0192647 secs]
1.578: [Full GC (Ergonomics)  2982K->2982K(3584K), 0.0190106 secs]
1.597: [Full GC (Ergonomics)  2984K->2984K(3584K), 0.0192927 secs]
1.617: [Full GC (Ergonomics)  2985K->2985K(3584K), 0.0189025 secs]
1.637: [Full GC (Ergonomics)  2987K->2987K(3584K), 0.0325803 secs]
1.670: [Full GC (Ergonomics)  2988K->2988K(3584K), 0.0202725 secs]
1.691: [Full GC (Ergonomics)  2990K->2990K(3584K), 0.0192532 secs]
1.710: [Full GC (Ergonomics)  2991K->2991K(3584K), 0.0195397 secs]
1.730: [Full GC (Ergonomics)  2993K->2993K(3584K), 0.0188913 secs]
1.750: [Full GC (Ergonomics)  2994K->2994K(3584K), 0.0191875 secs]
1.770: [Full GC (Ergonomics)  2996K->2996K(3584K), 0.0199209 secs]
1.790: [Full GC (Ergonomics)  2997K->2997K(3584K), 0.0189174 secs]
1.810: [Full GC (Ergonomics)  2999K->2999K(3584K), 0.0256032 secs]
1.836: [Full GC (Ergonomics)  3000K->3000K(3584K), 0.0185721 secs]
1.854: [Full GC (Ergonomics)  3002K->3002K(3584K), 0.0186109 secs]
1.873: [Full GC (Ergonomics)  3003K->3003K(3584K), 0.0191715 secs]
1.893: [Full GC (Ergonomics)  3005K->3005K(3584K), 0.0193422 secs]
1.912: [Full GC (Ergonomics)  3006K->3006K(3584K), 0.0187994 secs]
1.931: [Full GC (Ergonomics)  3008K->3008K(3584K), 0.0190272 secs]
1.950: [Full GC (Ergonomics)  3009K->3009K(3584K), 0.0185438 secs]
1.969: [Full GC (Ergonomics)  3011K->3011K(3584K), 0.0185412 secs]
1.989: [Full GC (Ergonomics)  3012K->3012K(3584K), 0.0195824 secs]
2.009: [Full GC (Ergonomics)  3014K->3014K(3584K), 0.0200139 secs]
2.029: [Full GC (Ergonomics)  3015K->3015K(3584K), 0.0197735 secs]
2.050: [Full GC (Ergonomics)  3017K->3017K(3584K), 0.0197177 secs]
2.072: [Full GC (Ergonomics)  3018K->3018K(3584K), 0.0187351 secs]
2.092: [Full GC (Ergonomics)  3020K->3020K(3584K), 0.0182989 secs]
2.111: [Full GC (Ergonomics)  3021K->3021K(3584K), 0.0206721 secs]
2.132: [Full GC (Ergonomics)  3023K->3023K(3584K), 0.0193150 secs]
2.151: [Full GC (Ergonomics)  3024K->3024K(3584K), 0.0189070 secs]
2.171: [Full GC (Ergonomics)  3026K->3026K(3584K), 0.0192711 secs]
2.190: [Full GC (Ergonomics)  3027K->3027K(3584K), 0.0191068 secs]
2.209: [Full GC (Ergonomics)  3029K->3029K(3584K), 0.0193402 secs]
2.229: [Full GC (Ergonomics)  3030K->3030K(3584K), 0.0191405 secs]
2.248: [Full GC (Ergonomics)  3032K->3032K(3584K), 0.0192471 secs]
2.268: [Full GC (Ergonomics)  3033K->3033K(3584K), 0.0192580 secs]
2.287: [Full GC (Ergonomics)  3035K->3035K(3584K), 0.0192090 secs]
2.306: [Full GC (Ergonomics)  3036K->3036K(3584K), 0.0191893 secs]
2.326: [Full GC (Ergonomics)  3038K->3038K(3584K), 0.0191125 secs]
2.345: [Full GC (Ergonomics)  3039K->3039K(3584K), 0.0192777 secs]
2.365: [Full GC (Ergonomics)  3041K->3041K(3584K), 0.0192741 secs]
2.418: [Full GC (Ergonomics)  3044K->259K(3584K), 0.0078753 secs]
